<?xml version="1.0" encoding="UTF-8"?>
<!-- Generated by org.testng.reporters.JUnitReportReporter -->
<testsuite skipped="0" hostname="PCDEFRAPC0MAB1H" name="Kollex.Automation.WikipageTest" tests="4" failures="0" timestamp="2020-10-24T18:53:38 MESZ" time="55.297" errors="0">
  <testcase name="searchGigaBerlin" time="11.833" classname="Kollex.Automation.WikipageTest"/>
  <system-out/>
  <testcase name="searchGigaBerlin" time="7.365" classname="Kollex.Automation.WikipageTest"/>
  <system-out/>
  <testcase name="getGigaBerlinData" time="22.753" classname="Kollex.Automation.WikipageTest"/>
  <system-out/>
  <testcase name="getGigaBerlinData" time="13.346" classname="Kollex.Automation.WikipageTest"/>
  <system-out/>
</testsuite> <!-- Kollex.Automation.WikipageTest -->
