<?xml version="1.0" encoding="UTF-8"?>
<!-- Generated by org.testng.reporters.JUnitReportReporter -->
<testsuite skipped="0" hostname="PCDEFRAPC0MAB1H" name="Kollex.Automation.WikipageTest" tests="4" failures="0" timestamp="2020-10-24T13:52:55 MESZ" time="51.518" errors="0">
  <testcase name="searchGigaBerlin" time="7.272" classname="Kollex.Automation.WikipageTest"/>
  <system-out/>
  <testcase name="getGigaBerlinData" time="12.445" classname="Kollex.Automation.WikipageTest"/>
  <system-out/>
  <testcase name="getGigaBerlinData" time="20.917" classname="Kollex.Automation.WikipageTest"/>
  <system-out/>
  <testcase name="searchGigaBerlin" time="10.884" classname="Kollex.Automation.WikipageTest"/>
  <system-out/>
</testsuite> <!-- Kollex.Automation.WikipageTest -->
