<?xml version="1.0" encoding="UTF-8"?>
<!-- Generated by org.testng.reporters.JUnitReportReporter -->
<testsuite skipped="0" hostname="PCDEFRAPC0MAB1H" name="Kollex.Automation.GooglePageTest" tests="2" failures="0" timestamp="2020-10-24T13:52:55 MESZ" time="16.184" errors="0">
  <testcase name="googleToWiki" time="5.979" classname="Kollex.Automation.GooglePageTest"/>
  <system-out/>
  <testcase name="googleToWiki" time="10.205" classname="Kollex.Automation.GooglePageTest"/>
  <system-out/>
</testsuite> <!-- Kollex.Automation.GooglePageTest -->
