<?xml version="1.0" encoding="UTF-8"?>
<!-- Generated by org.testng.reporters.JUnitReportReporter -->
<testsuite skipped="0" hostname="PCDEFRAPC0MAB1H" name="Kollex.Automation.GooglePageTest" tests="2" failures="0" timestamp="2020-10-24T18:53:38 MESZ" time="17.974" errors="0">
  <testcase name="googleToWiki" time="11.553" classname="Kollex.Automation.GooglePageTest"/>
  <system-out/>
  <testcase name="googleToWiki" time="6.421" classname="Kollex.Automation.GooglePageTest"/>
  <system-out/>
</testsuite> <!-- Kollex.Automation.GooglePageTest -->
