<?xml version="1.0" encoding="UTF-8"?>
<!-- Generated by org.testng.reporters.JUnitReportReporter -->
<testsuite skipped="0" hostname="PCDEFRAPC0MAB1H" name="Kollex.Automation.WikipageTest" tests="4" failures="0" timestamp="2020-10-24T23:00:32 MESZ" time="55.976" errors="0">
  <testcase name="searchGigaBerlin" time="12.253" classname="Kollex.Automation.WikipageTest"/>
  <system-out/>
  <testcase name="searchGigaBerlin" time="7.393" classname="Kollex.Automation.WikipageTest"/>
  <system-out/>
  <testcase name="getGigaBerlinData" time="23.912" classname="Kollex.Automation.WikipageTest"/>
  <system-out/>
  <testcase name="getGigaBerlinData" time="12.418" classname="Kollex.Automation.WikipageTest"/>
  <system-out/>
</testsuite> <!-- Kollex.Automation.WikipageTest -->
