<?xml version="1.0" encoding="UTF-8"?>
<!-- Generated by org.testng.reporters.JUnitReportReporter -->
<testsuite skipped="0" hostname="PCDEFRAPC0MAB1H" name="Kollex.Automation.GooglePageTest" tests="1" failures="0" timestamp="2020-10-24T23:10:51 MESZ" time="8.705" errors="0">
  <testcase name="googleToWiki" time="8.705" classname="Kollex.Automation.GooglePageTest"/>
  <system-out/>
</testsuite> <!-- Kollex.Automation.GooglePageTest -->
