<?xml version="1.0" encoding="UTF-8"?>
<!-- Generated by org.testng.reporters.JUnitReportReporter -->
<testsuite skipped="0" hostname="PCDEFRAPC0MAB1H" name="Kollex.Automation.WikipageTest" tests="2" failures="0" timestamp="2020-10-24T18:45:27 MESZ" time="21.459" errors="0">
  <testcase name="getGigaBerlinData" time="13.282" classname="Kollex.Automation.WikipageTest"/>
  <system-out/>
  <testcase name="searchGigaBerlin" time="8.177" classname="Kollex.Automation.WikipageTest"/>
  <system-out/>
</testsuite> <!-- Kollex.Automation.WikipageTest -->
