<?xml version="1.0" encoding="UTF-8"?>
<!-- Generated by org.testng.reporters.JUnitReportReporter -->
<testsuite skipped="0" hostname="PCDEFRAPC0MAB1H" name="Kollex.Automation.WikipageTest" tests="2" failures="0" timestamp="2020-10-24T23:10:51 MESZ" time="22.609" errors="0">
  <testcase name="searchGigaBerlin" time="7.881" classname="Kollex.Automation.WikipageTest"/>
  <system-out/>
  <testcase name="getGigaBerlinData" time="14.728" classname="Kollex.Automation.WikipageTest"/>
  <system-out/>
</testsuite> <!-- Kollex.Automation.WikipageTest -->
