<?xml version="1.0" encoding="UTF-8"?>
<!-- Generated by org.testng.reporters.JUnitReportReporter -->
<testsuite skipped="0" hostname="PCDEFRAPC0MAB1H" name="Kollex.Automation.AppTest" tests="1" failures="0" timestamp="2020-10-24T14:31:28 MESZ" time="0.016" errors="0">
  <testcase name="shouldAnswerWithTrue" time="0.016" classname="Kollex.Automation.AppTest"/>
  <system-out/>
</testsuite> <!-- Kollex.Automation.AppTest -->
