<?xml version="1.0" encoding="UTF-8"?>
<!-- Generated by org.testng.reporters.JUnitReportReporter -->
<testsuite skipped="0" hostname="PCDEFRAPC0MAB1H" name="Kollex.Automation.GooglePageTest" tests="1" failures="0" timestamp="2020-10-24T14:31:28 MESZ" time="7.552" errors="0">
  <testcase name="googleToWiki" time="7.552" classname="Kollex.Automation.GooglePageTest"/>
  <system-out/>
</testsuite> <!-- Kollex.Automation.GooglePageTest -->
