<?xml version="1.0" encoding="UTF-8"?>
<!-- Generated by org.testng.reporters.JUnitReportReporter -->
<testsuite skipped="0" hostname="PCDEFRAPC0MAB1H" name="Kollex.Automation.WikipageTest" tests="2" failures="0" timestamp="2020-10-24T14:31:28 MESZ" time="21.256" errors="0">
  <testcase name="getGigaBerlinData" time="14.007" classname="Kollex.Automation.WikipageTest"/>
  <system-out/>
  <testcase name="searchGigaBerlin" time="7.249" classname="Kollex.Automation.WikipageTest"/>
  <system-out/>
</testsuite> <!-- Kollex.Automation.WikipageTest -->
